<?xml version="1.0" encoding="UTF-8"?>
<!-- Generated by org.testng.reporters.JUnitXMLReporter -->
<testsuite hostname="DESKTOP-R5U0RRK" ignored="1" name="Default test" tests="1" failures="0" timestamp="12 Aug 2022 10:28:19 GMT" time="60.9" errors="0">
  <testcase name="verifyLogin" time="12.273" classname="com.mystore.testcases.TC_MyAccountTest"/>
  <testcase name="verifySignInAndReg" time="0.0" classname="com.mystore.testcases.TC_MyAccountTest">
    <ignored/>
  </testcase> <!-- verifySignInAndReg -->
</testsuite> <!-- Default test -->
