<?xml version="1.0" encoding="UTF-8"?>
<!-- Generated by org.testng.reporters.JUnitXMLReporter -->
<testsuite hostname="DESKTOP-R5U0RRK" ignored="1" name="Test" tests="1" failures="0" timestamp="16 Aug 2022 09:44:01 GMT" time="216.019" errors="0">
  <testcase name="verifyBuyProduct" time="169.18" classname="com.mystore.testcases.TC_ProductSearch"/>
  <testcase name="verifySearchFunctionality" time="0.0" classname="com.mystore.testcases.TC_ProductSearch">
    <ignored/>
  </testcase> <!-- verifySearchFunctionality -->
</testsuite> <!-- Test -->
