<?xml version="1.0" encoding="UTF-8"?>
<!-- Generated by org.testng.reporters.JUnitXMLReporter -->
<testsuite hostname="DESKTOP-R5U0RRK" ignored="1" name="Test" tests="1" failures="0" timestamp="2022-08-20T08:17:39 IST" time="152.086" errors="0">
  <testcase name="verifyBuyProduct" time="83.32" classname="com.mystore.testcases.TC_ProductSearch"/>
  <testcase name="verifySearchFunctionality" time="0.0" classname="com.mystore.testcases.TC_ProductSearch">
    <ignored/>
  </testcase> <!-- verifySearchFunctionality -->
</testsuite> <!-- Test -->
