<?xml version="1.0" encoding="UTF-8"?>
<testng-results skipped="0" failed="0" ignored="1" total="2" passed="1">
  <reporter-output>
  </reporter-output>
  <suite name="Suite" duration-ms="152086" started-at="2022-08-20T08:15:07 IST" finished-at="2022-08-20T08:17:39 IST">
    <groups>
    </groups>
    <test name="Test" duration-ms="152086" started-at="2022-08-20T08:15:07 IST" finished-at="2022-08-20T08:17:39 IST">
      <class name="com.mystore.testcases.TC_ProductSearch">
        <test-method status="PASS" signature="setUp()[pri:0, instance:com.mystore.testcases.TC_ProductSearch@45820e51]" name="setUp" is-config="true" duration-ms="67107" started-at="2022-08-20T08:15:07 IST" finished-at="2022-08-20T08:16:14 IST">
          <reporter-output>
          </reporter-output>
        </test-method> <!-- setUp -->
        <test-method status="PASS" signature="verifyBuyProduct()[pri:0, instance:com.mystore.testcases.TC_ProductSearch@45820e51]" name="verifyBuyProduct" duration-ms="83320" started-at="2022-08-20T08:16:14 IST" finished-at="2022-08-20T08:17:38 IST">
          <reporter-output>
          </reporter-output>
        </test-method> <!-- verifyBuyProduct -->
        <test-method status="PASS" signature="tearDown()[pri:0, instance:com.mystore.testcases.TC_ProductSearch@45820e51]" name="tearDown" is-config="true" duration-ms="838" started-at="2022-08-20T08:17:38 IST" finished-at="2022-08-20T08:17:39 IST">
          <reporter-output>
          </reporter-output>
        </test-method> <!-- tearDown -->
      </class> <!-- com.mystore.testcases.TC_ProductSearch -->
    </test> <!-- Test -->
  </suite> <!-- Suite -->
</testng-results>
